[betterment 2012-09-24 17:47:07,696] INFO [main] ACHManagerImpl.parseCSVReturnsToDetailAddenda(695) | Associating ACHTransaction to ACHDetailAndAddenda. ACH: Mock for ACHTransaction, hashCode: 626857943
[betterment 2012-09-24 17:47:07,701] INFO [main] ACHManagerImpl.parseCSVReturnsToDetailAddenda(695) | Associating ACHTransaction to ACHDetailAndAddenda. ACH: Mock for ACHTransaction, hashCode: 626857943
[betterment 2012-09-24 17:47:07,703] INFO [main] ACHManagerImpl.parseCSVReturnsToDetailAddenda(695) | Associating ACHTransaction to ACHDetailAndAddenda. ACH: Mock for ACHTransaction, hashCode: 626857943
[betterment 2012-09-24 17:47:07,705] INFO [main] ACHManagerImpl.parseCSVReturnsToDetailAddenda(695) | Associating ACHTransaction to ACHDetailAndAddenda. ACH: Mock for ACHTransaction, hashCode: 626857943
[betterment 2012-09-24 17:47:07,707] INFO [main] ACHManagerImpl.parseCSVReturnsToDetailAddenda(695) | Associating ACHTransaction to ACHDetailAndAddenda. ACH: Mock for ACHTransaction, hashCode: 626857943
[betterment 2012-09-24 17:47:07,710] INFO [main] ACHManagerImpl.parseCSVReturnsToDetailAddenda(695) | Associating ACHTransaction to ACHDetailAndAddenda. ACH: Mock for ACHTransaction, hashCode: 626857943
[betterment 2012-09-24 17:47:07,712] INFO [main] ACHManagerImpl.parseCSVReturnsToDetailAddenda(695) | Associating ACHTransaction to ACHDetailAndAddenda. ACH: Mock for ACHTransaction, hashCode: 626857943
[betterment 2012-09-24 17:47:07,713] INFO [main] ACHManagerImpl.parseCSVReturnsToDetailAddenda(695) | Associating ACHTransaction to ACHDetailAndAddenda. ACH: Mock for ACHTransaction, hashCode: 545916228
[betterment 2012-09-24 17:47:07,716] INFO [main] ACHManagerImpl.parseCSVReturnsToDetailAddenda(695) | Associating ACHTransaction to ACHDetailAndAddenda. ACH: Mock for ACHTransaction, hashCode: 545916228
[betterment 2012-09-24 17:47:07,719] INFO [main] ACHManagerImpl.parseCSVReturnsToDetailAddenda(695) | Associating ACHTransaction to ACHDetailAndAddenda. ACH: Mock for ACHTransaction, hashCode: 626857943
[betterment 2012-09-24 17:47:11,831] ERROR [main] AbstractDatabaseTestCase.setUp(103) | Error initializing test.  Skipping test AccountTransactionDAOTest.  Error is:
java.lang.IllegalArgumentException: No SessionFactory specified
	at org.springframework.util.Assert.notNull(Assert.java:112)
	at org.springframework.orm.hibernate3.SessionFactoryUtils.doGetSession(SessionFactoryUtils.java:283)
	at org.springframework.orm.hibernate3.SessionFactoryUtils.getSession(SessionFactoryUtils.java:202)
	at com.betterment.AbstractDatabaseTestCase.setUp(AbstractDatabaseTestCase.java:94)
	at com.betterment.dao.AccountTransactionDAOTest.setUp(AccountTransactionDAOTest.java:39)
	at junit.framework.TestCase.runBare(TestCase.java:132)
	at junit.framework.TestResult$1.protect(TestResult.java:110)
	at junit.framework.TestResult.runProtected(TestResult.java:128)
	at junit.framework.TestResult.run(TestResult.java:113)
	at junit.framework.TestCase.run(TestCase.java:124)
	at junit.framework.TestSuite.runTest(TestSuite.java:232)
	at junit.framework.TestSuite.run(TestSuite.java:227)
	at org.apache.tools.ant.taskdefs.optional.junit.JUnitTestRunner.run(JUnitTestRunner.java:518)
	at org.apache.tools.ant.taskdefs.optional.junit.JUnitTestRunner.launch(JUnitTestRunner.java:1052)
	at org.apache.tools.ant.taskdefs.optional.junit.JUnitTestRunner.main(JUnitTestRunner.java:906)
[betterment 2012-09-24 17:47:11,838] ERROR [main] AbstractDatabaseTestCase.setUp(103) | Error initializing test.  Skipping test AccountTransactionDAOTest.  Error is:
java.lang.IllegalArgumentException: No SessionFactory specified
	at org.springframework.util.Assert.notNull(Assert.java:112)
	at org.springframework.orm.hibernate3.SessionFactoryUtils.doGetSession(SessionFactoryUtils.java:283)
	at org.springframework.orm.hibernate3.SessionFactoryUtils.getSession(SessionFactoryUtils.java:202)
	at com.betterment.AbstractDatabaseTestCase.setUp(AbstractDatabaseTestCase.java:94)
	at com.betterment.dao.AccountTransactionDAOTest.setUp(AccountTransactionDAOTest.java:39)
	at junit.framework.TestCase.runBare(TestCase.java:132)
	at junit.framework.TestResult$1.protect(TestResult.java:110)
	at junit.framework.TestResult.runProtected(TestResult.java:128)
	at junit.framework.TestResult.run(TestResult.java:113)
	at junit.framework.TestCase.run(TestCase.java:124)
	at junit.framework.TestSuite.runTest(TestSuite.java:232)
	at junit.framework.TestSuite.run(TestSuite.java:227)
	at org.apache.tools.ant.taskdefs.optional.junit.JUnitTestRunner.run(JUnitTestRunner.java:518)
	at org.apache.tools.ant.taskdefs.optional.junit.JUnitTestRunner.launch(JUnitTestRunner.java:1052)
	at org.apache.tools.ant.taskdefs.optional.junit.JUnitTestRunner.main(JUnitTestRunner.java:906)
[betterment 2012-09-24 17:47:13,402] ERROR [main] AbstractDatabaseTestCase.setUp(103) | Error initializing test.  Skipping test AccountTransferDAOTest.  Error is:
java.lang.IllegalArgumentException: No SessionFactory specified
	at org.springframework.util.Assert.notNull(Assert.java:112)
	at org.springframework.orm.hibernate3.SessionFactoryUtils.doGetSession(SessionFactoryUtils.java:283)
	at org.springframework.orm.hibernate3.SessionFactoryUtils.getSession(SessionFactoryUtils.java:202)
	at com.betterment.AbstractDatabaseTestCase.setUp(AbstractDatabaseTestCase.java:94)
	at junit.framework.TestCase.runBare(TestCase.java:132)
	at junit.framework.TestResult$1.protect(TestResult.java:110)
	at junit.framework.TestResult.runProtected(TestResult.java:128)
	at junit.framework.TestResult.run(TestResult.java:113)
	at junit.framework.TestCase.run(TestCase.java:124)
	at junit.framework.TestSuite.runTest(TestSuite.java:232)
	at junit.framework.TestSuite.run(TestSuite.java:227)
	at org.apache.tools.ant.taskdefs.optional.junit.JUnitTestRunner.run(JUnitTestRunner.java:518)
	at org.apache.tools.ant.taskdefs.optional.junit.JUnitTestRunner.launch(JUnitTestRunner.java:1052)
	at org.apache.tools.ant.taskdefs.optional.junit.JUnitTestRunner.main(JUnitTestRunner.java:906)
[betterment 2012-09-24 17:47:14,828] ERROR [main] AbstractDatabaseTestCase.setUp(103) | Error initializing test.  Skipping test FeeDAOTest.  Error is:
java.lang.IllegalArgumentException: No SessionFactory specified
	at org.springframework.util.Assert.notNull(Assert.java:112)
	at org.springframework.orm.hibernate3.SessionFactoryUtils.doGetSession(SessionFactoryUtils.java:283)
	at org.springframework.orm.hibernate3.SessionFactoryUtils.getSession(SessionFactoryUtils.java:202)
	at com.betterment.AbstractDatabaseTestCase.setUp(AbstractDatabaseTestCase.java:94)
	at junit.framework.TestCase.runBare(TestCase.java:132)
	at junit.framework.TestResult$1.protect(TestResult.java:110)
	at junit.framework.TestResult.runProtected(TestResult.java:128)
	at junit.framework.TestResult.run(TestResult.java:113)
	at junit.framework.TestCase.run(TestCase.java:124)
	at junit.framework.TestSuite.runTest(TestSuite.java:232)
	at junit.framework.TestSuite.run(TestSuite.java:227)
	at org.apache.tools.ant.taskdefs.optional.junit.JUnitTestRunner.run(JUnitTestRunner.java:518)
	at org.apache.tools.ant.taskdefs.optional.junit.JUnitTestRunner.launch(JUnitTestRunner.java:1052)
	at org.apache.tools.ant.taskdefs.optional.junit.JUnitTestRunner.main(JUnitTestRunner.java:906)
[betterment 2012-09-24 17:47:14,836] ERROR [main] AbstractDatabaseTestCase.setUp(103) | Error initializing test.  Skipping test FeeDAOTest.  Error is:
java.lang.IllegalArgumentException: No SessionFactory specified
	at org.springframework.util.Assert.notNull(Assert.java:112)
	at org.springframework.orm.hibernate3.SessionFactoryUtils.doGetSession(SessionFactoryUtils.java:283)
	at org.springframework.orm.hibernate3.SessionFactoryUtils.getSession(SessionFactoryUtils.java:202)
	at com.betterment.AbstractDatabaseTestCase.setUp(AbstractDatabaseTestCase.java:94)
	at junit.framework.TestCase.runBare(TestCase.java:132)
	at junit.framework.TestResult$1.protect(TestResult.java:110)
	at junit.framework.TestResult.runProtected(TestResult.java:128)
	at junit.framework.TestResult.run(TestResult.java:113)
	at junit.framework.TestCase.run(TestCase.java:124)
	at junit.framework.TestSuite.runTest(TestSuite.java:232)
	at junit.framework.TestSuite.run(TestSuite.java:227)
	at org.apache.tools.ant.taskdefs.optional.junit.JUnitTestRunner.run(JUnitTestRunner.java:518)
	at org.apache.tools.ant.taskdefs.optional.junit.JUnitTestRunner.launch(JUnitTestRunner.java:1052)
	at org.apache.tools.ant.taskdefs.optional.junit.JUnitTestRunner.main(JUnitTestRunner.java:906)
[betterment 2012-09-24 17:47:14,840] ERROR [main] AbstractDatabaseTestCase.setUp(103) | Error initializing test.  Skipping test FeeDAOTest.  Error is:
java.lang.IllegalArgumentException: No SessionFactory specified
	at org.springframework.util.Assert.notNull(Assert.java:112)
	at org.springframework.orm.hibernate3.SessionFactoryUtils.doGetSession(SessionFactoryUtils.java:283)
	at org.springframework.orm.hibernate3.SessionFactoryUtils.getSession(SessionFactoryUtils.java:202)
	at com.betterment.AbstractDatabaseTestCase.setUp(AbstractDatabaseTestCase.java:94)
	at junit.framework.TestCase.runBare(TestCase.java:132)
	at junit.framework.TestResult$1.protect(TestResult.java:110)
	at junit.framework.TestResult.runProtected(TestResult.java:128)
	at junit.framework.TestResult.run(TestResult.java:113)
	at junit.framework.TestCase.run(TestCase.java:124)
	at junit.framework.TestSuite.runTest(TestSuite.java:232)
	at junit.framework.TestSuite.run(TestSuite.java:227)
	at org.apache.tools.ant.taskdefs.optional.junit.JUnitTestRunner.run(JUnitTestRunner.java:518)
	at org.apache.tools.ant.taskdefs.optional.junit.JUnitTestRunner.launch(JUnitTestRunner.java:1052)
	at org.apache.tools.ant.taskdefs.optional.junit.JUnitTestRunner.main(JUnitTestRunner.java:906)
[betterment 2012-09-24 17:47:14,847] ERROR [main] AbstractDatabaseTestCase.setUp(103) | Error initializing test.  Skipping test FeeDAOTest.  Error is:
java.lang.IllegalArgumentException: No SessionFactory specified
	at org.springframework.util.Assert.notNull(Assert.java:112)
	at org.springframework.orm.hibernate3.SessionFactoryUtils.doGetSession(SessionFactoryUtils.java:283)
	at org.springframework.orm.hibernate3.SessionFactoryUtils.getSession(SessionFactoryUtils.java:202)
	at com.betterment.AbstractDatabaseTestCase.setUp(AbstractDatabaseTestCase.java:94)
	at junit.framework.TestCase.runBare(TestCase.java:132)
	at junit.framework.TestResult$1.protect(TestResult.java:110)
	at junit.framework.TestResult.runProtected(TestResult.java:128)
	at junit.framework.TestResult.run(TestResult.java:113)
	at junit.framework.TestCase.run(TestCase.java:124)
	at junit.framework.TestSuite.runTest(TestSuite.java:232)
	at junit.framework.TestSuite.run(TestSuite.java:227)
	at org.apache.tools.ant.taskdefs.optional.junit.JUnitTestRunner.run(JUnitTestRunner.java:518)
	at org.apache.tools.ant.taskdefs.optional.junit.JUnitTestRunner.launch(JUnitTestRunner.java:1052)
	at org.apache.tools.ant.taskdefs.optional.junit.JUnitTestRunner.main(JUnitTestRunner.java:906)
[betterment 2012-09-24 17:47:14,976] ERROR [main] AbstractDatabaseTestCase.setUp(103) | Error initializing test.  Skipping test FeeDAOTest.  Error is:
java.lang.IllegalArgumentException: No SessionFactory specified
	at org.springframework.util.Assert.notNull(Assert.java:112)
	at org.springframework.orm.hibernate3.SessionFactoryUtils.doGetSession(SessionFactoryUtils.java:283)
	at org.springframework.orm.hibernate3.SessionFactoryUtils.getSession(SessionFactoryUtils.java:202)
	at com.betterment.AbstractDatabaseTestCase.setUp(AbstractDatabaseTestCase.java:94)
	at junit.framework.TestCase.runBare(TestCase.java:132)
	at junit.framework.TestResult$1.protect(TestResult.java:110)
	at junit.framework.TestResult.runProtected(TestResult.java:128)
	at junit.framework.TestResult.run(TestResult.java:113)
	at junit.framework.TestCase.run(TestCase.java:124)
	at junit.framework.TestSuite.runTest(TestSuite.java:232)
	at junit.framework.TestSuite.run(TestSuite.java:227)
	at org.apache.tools.ant.taskdefs.optional.junit.JUnitTestRunner.run(JUnitTestRunner.java:518)
	at org.apache.tools.ant.taskdefs.optional.junit.JUnitTestRunner.launch(JUnitTestRunner.java:1052)
	at org.apache.tools.ant.taskdefs.optional.junit.JUnitTestRunner.main(JUnitTestRunner.java:906)
[betterment 2012-09-24 17:47:15,067] ERROR [main] AbstractDatabaseTestCase.setUp(103) | Error initializing test.  Skipping test FeeDAOTest.  Error is:
java.lang.IllegalArgumentException: No SessionFactory specified
	at org.springframework.util.Assert.notNull(Assert.java:112)
	at org.springframework.orm.hibernate3.SessionFactoryUtils.doGetSession(SessionFactoryUtils.java:283)
	at org.springframework.orm.hibernate3.SessionFactoryUtils.getSession(SessionFactoryUtils.java:202)
	at com.betterment.AbstractDatabaseTestCase.setUp(AbstractDatabaseTestCase.java:94)
	at junit.framework.TestCase.runBare(TestCase.java:132)
	at junit.framework.TestResult$1.protect(TestResult.java:110)
	at junit.framework.TestResult.runProtected(TestResult.java:128)
	at junit.framework.TestResult.run(TestResult.java:113)
	at junit.framework.TestCase.run(TestCase.java:124)
	at junit.framework.TestSuite.runTest(TestSuite.java:232)
	at junit.framework.TestSuite.run(TestSuite.java:227)
	at org.apache.tools.ant.taskdefs.optional.junit.JUnitTestRunner.run(JUnitTestRunner.java:518)
	at org.apache.tools.ant.taskdefs.optional.junit.JUnitTestRunner.launch(JUnitTestRunner.java:1052)
	at org.apache.tools.ant.taskdefs.optional.junit.JUnitTestRunner.main(JUnitTestRunner.java:906)
[betterment 2012-09-24 17:47:15,069] ERROR [main] AbstractDatabaseTestCase.setUp(103) | Error initializing test.  Skipping test FeeDAOTest.  Error is:
java.lang.IllegalArgumentException: No SessionFactory specified
	at org.springframework.util.Assert.notNull(Assert.java:112)
	at org.springframework.orm.hibernate3.SessionFactoryUtils.doGetSession(SessionFactoryUtils.java:283)
	at org.springframework.orm.hibernate3.SessionFactoryUtils.getSession(SessionFactoryUtils.java:202)
	at com.betterment.AbstractDatabaseTestCase.setUp(AbstractDatabaseTestCase.java:94)
	at junit.framework.TestCase.runBare(TestCase.java:132)
	at junit.framework.TestResult$1.protect(TestResult.java:110)
	at junit.framework.TestResult.runProtected(TestResult.java:128)
	at junit.framework.TestResult.run(TestResult.java:113)
	at junit.framework.TestCase.run(TestCase.java:124)
	at junit.framework.TestSuite.runTest(TestSuite.java:232)
	at junit.framework.TestSuite.run(TestSuite.java:227)
	at org.apache.tools.ant.taskdefs.optional.junit.JUnitTestRunner.run(JUnitTestRunner.java:518)
	at org.apache.tools.ant.taskdefs.optional.junit.JUnitTestRunner.launch(JUnitTestRunner.java:1052)
	at org.apache.tools.ant.taskdefs.optional.junit.JUnitTestRunner.main(JUnitTestRunner.java:906)
[betterment 2012-09-24 17:47:15,071] ERROR [main] AbstractDatabaseTestCase.setUp(103) | Error initializing test.  Skipping test FeeDAOTest.  Error is:
java.lang.IllegalArgumentException: No SessionFactory specified
	at org.springframework.util.Assert.notNull(Assert.java:112)
	at org.springframework.orm.hibernate3.SessionFactoryUtils.doGetSession(SessionFactoryUtils.java:283)
	at org.springframework.orm.hibernate3.SessionFactoryUtils.getSession(SessionFactoryUtils.java:202)
	at com.betterment.AbstractDatabaseTestCase.setUp(AbstractDatabaseTestCase.java:94)
	at junit.framework.TestCase.runBare(TestCase.java:132)
	at junit.framework.TestResult$1.protect(TestResult.java:110)
	at junit.framework.TestResult.runProtected(TestResult.java:128)
	at junit.framework.TestResult.run(TestResult.java:113)
	at junit.framework.TestCase.run(TestCase.java:124)
	at junit.framework.TestSuite.runTest(TestSuite.java:232)
	at junit.framework.TestSuite.run(TestSuite.java:227)
	at org.apache.tools.ant.taskdefs.optional.junit.JUnitTestRunner.run(JUnitTestRunner.java:518)
	at org.apache.tools.ant.taskdefs.optional.junit.JUnitTestRunner.launch(JUnitTestRunner.java:1052)
	at org.apache.tools.ant.taskdefs.optional.junit.JUnitTestRunner.main(JUnitTestRunner.java:906)
